gpasm-1.4.0 #1107 (Mar 24 2015) 1-convertidor   3-11-2017  08:56:37         PAGE  1


LOC    OBJECT CODE    LINE  SOURCE TEXT
  VALUE

                      00001 ;;***************************************************************
                      00002         ; PROGRAMA PARA HACER FUNCIONAR EL CONVERTIDOR A/D
                      00003 
                      00004         ;title  "PIC Sample code: PIC16F88 program"
                      00005         ;subtitle       "CARLOS SANTIAGO CRUZ - TESIS - prueba del convertidor analógico digital"
                      00006 
                      00007 ;       codigo para el 16f88 a 4 MHz
                      00008 ;***************************************************************
                      00009         list    p=16F88
                      00010         #include        <p16F88.inc>
                      00001         LIST
                      00002 
                      00003 ;==========================================================================
                      00004 ; Build date : Aug 07 2014
                      00005 ;  MPASM PIC16F88 processor include
                      00006 ; 
                      00007 ;  (c) Copyright 1999-2014 Microchip Technology, All rights reserved
                      00008 ;==========================================================================
                      00009 
                      00550         LIST
                      00011         
Error[1102]  : Parser error: syntax error
                      00012         __CONFIG        _CONFIG1 & _CP_OFF & _CCP1_RB0 & _DEBUG_OFF & _CPD_OFF & _LVP_OFF & _BODEN_OFF &
                             _MCLR_ON & _PWRTE_ON & _WDT_OFF & _INTRC_IO ERRORLEVEL -302
                      00013 
                      00014 ;***************************************************************
  00000020            00015 z1      equ     20h             ;REGISTROS COMODINES
  00000021            00016 z2      equ     21h
  00000022            00017 z3      equ     22h
  00000023            00018 z4      equ     23h
                      00019 ;***************************************************************
                      00020 ; registros 
                      00021 ;       ADRESH  1Eh             banco 0
                      00022 ;       ADRESL  9Eh             banco 1
                      00023 ;       ANSEL   9Bh             banco 1
                      00024 ;       ADCON0  1Fh             banco 0
                      00025 ;       ADCON1  9Fh             banco 1
                      00026 ;****************************************************************
0000                  00027                 ORG                     0x0000
0000   2805           00028                 GOTO            INIT
0001   0000           00029                 NOP
0002   0000           00030                 NOP
0003   0000           00031                 NOP
0004   0000           00032                 NOP
0005                  00033                 ORG                     0x0005
                      00034 
0005   0185           00035 INIT    CLRF            PORTA                   ; limpia puerto A
0006   0186           00036                 CLRF            PORTB                   ; limpia puerto B
0007   1683           00037                 BSF                     STATUS,RP0              ; selecciona Banco 1; Se encuentran regi
                            stros TRISA y TRISB
                      00038                                                                         ; al reset STATUS=00000000
                      00039                                                                         ; REGISTRO STATUS =     IRP     
                                    RP1             RP0             T0_             PD_             Z               DC              
gpasm-1.4.0 #1107 (Mar 24 2015) 1-convertidor   3-11-2017  08:56:37         PAGE  2


LOC    OBJECT CODE    LINE  SOURCE TEXT
  VALUE

                            C
                      00040                                                                         ;  RP1 RP0
                      00041                                                                         ;  0    0               banco 0
                      00042                                                                         ;  0    1               banco 1 
                                    RP0=1
                      00043                                                                         ;  1    0               banco 2
                      00044                                                                         ;  1    1               banco 3
                      00045 
                      00046 
Message[302]: Register in operand not in bank 0. Ensure that bank bits are correct. Bank_bits = 0x80, register{0xf}.
0008   170F           00047                 BSF                     OSCCON,6                ;Pone el oscilador a 4 MHz con el oscila
                            dor interno RC; OSCCON controla varios aspectos de operacion del sistema de reloj; Banco 1
Message[302]: Register in operand not in bank 0. Ensure that bank bits are correct. Bank_bits = 0x80, register{0xf}.
0009   168F           00048                 BSF                     OSCCON,5                ;bit 6-4                110             
                            4 MHZ
                      00049                                                                         ;al reset inicia con 0's el regi
                            stro.
                      00050 
000A   3007           00051                 MOVLW           H'07'                   ;carga el registro W con 07             0000 011
                            1
Message[302]: Register in operand not in bank 0. Ensure that bank bits are correct. Bank_bits = 0x80, register{0x1c}.
000B   009C           00052                 MOVWF           CMCON                   ;CMCON ->       C2OUT   C1OUT   C2INV   C1INV   
                            CIS      CM2  CM1  CM0
                      00053                                                                         ; ver los modos de operacion de 
                            los comparadores
                      00054                                                                         ; comparadores apagados
                      00055                                                                         ;CLRF           TRISA           
                                    ;Puerto A como salida           0 - salida; 1 - entrada
000C   30FF           00056                 MOVLW           H'FF'
Message[302]: Register in operand not in bank 0. Ensure that bank bits are correct. Bank_bits = 0x80, register{0x5}.
000D   0085           00057                 MOVWF           TRISA           
Message[302]: Register in operand not in bank 0. Ensure that bank bits are correct. Bank_bits = 0x80, register{0x6}.
000E   0186           00058                 CLRF            TRISB                   ;Puerto B como salida           0 - salida; 1 - 
                            entrada
                      00059 
000F   1283           00060                 BCF                     STATUS,RP0              ;Selecciona Banco 0
                      00061 
                      00062 ;###################### CONFIGURANDO EL CONVERTIDOR A/D ################################
                      00063 
                      00064                                                                         ;1.     Configure el modulo A/D
                      00065                                                                         ;               •       Configur
                            ar E/S analógica/digital        (ANSEL) BANCO 1         
0010   1683           00066                 BSF                     STATUS,RP0              ; selecciona banco 1
0011   30FF           00067                 MOVLW           H'FF'
Message[302]: Register in operand not in bank 0. Ensure that bank bits are correct. Bank_bits = 0x80, register{0x1b}.
0012   009B           00068                 MOVWF           ANSEL                   ; Registro ANSEL - ANS6 ANS5 ANS4 ANS3 ANS2 ANS1
                             ANS0 
                      00069                                                                         ; Configura la funcion de los pi
                            nes de los puertos
                      00070                                                                         ; pueden ser configurados como e
                            ntradas analògicas 
                      00071                                                                         ; (RA3,RA2 tambien pueden ser te
                            nsiones de referencia)
gpasm-1.4.0 #1107 (Mar 24 2015) 1-convertidor   3-11-2017  08:56:37         PAGE  3


LOC    OBJECT CODE    LINE  SOURCE TEXT
  VALUE

                      00072                                                                         ; o como entradas/salidas digita
                            les; 
                      00073                                                                         ;       1 - analog I/O; 
                      00074                                                                         ;       0 - digital I/O
                      00075                                                                         ; 
0013   3000           00076                 MOVLW           H'00'                                                   ;               
Message[302]: Register in operand not in bank 0. Ensure that bank bits are correct. Bank_bits = 0x80, register{0x1f}.
0014   009F           00077                 MOVWF           ADCON1                  ;               •       Configurar tensión de re
                            ferencia.       (ADCON1)        BANCO 1
                      00078                                                                         ; ADCON1:       ADFM    ADCS2   
                            VCFG1           VCFG0   -       -       -       -
                      00079                                                                         ; Bit 7 ADFM: selección de bit d
                            e resultado de formato A/D
                      00080                                                                         ;                               
                            1=justificación derecha: los seis bits mas significantes de ADRESH son leídos como ‘0’
                      00081                                                                         ;                               
                            0=justificación izquierda: los seis bits menos significativos de ADRESL son leidos como ‘0’.    *justifi
                            cacion izquierda
                      00082                                                                         ; Bit 6 ADSC2: bit de selección 
                            de división de reloj por 2 del A/D
                      00083                                                                         ;                               
                            1=fuente de reloj es dividida por 2 cuando el sistema de reloj es usado.
                      00084                                                                         ;                               
                            0=deshabilitado.                                                                                        
                                                                    *deshabilitado
                      00085                                                                         ; Bit 5-4       VCFG <1:0> bits 
                            de configuración de las tensiones de referencia del A/D
                      00086                                                                         ;                               
                            Estado lógico    VREF+ VREF- 
                      00087                                                                         ;                               
                            00                   AVDD  AVSS         *Elegimos este
                      00088                                                                         ;                               
                            01                   AVDD   VREF-
                      00089                                                                         ;                               
                            10                   VREF+   AVSS
                      00090                                                                         ;                               
                            11                   VREF+   VREF-
                      00091                                                                         ; Bit  3-0      Sin implementaci
                            ón leídos como ‘0’
                      00092 
                      00093                                                                         ;primero vamos a poner el ADSC2=
                            0, pero creo que en el reset es 0 :)                                                    
                      00094 
0015   1283           00095                 BCF                     STATUS,RP0              ;seleccionamos banco 0
                      00096 
0016   30C0           00097                 MOVLW           H'C0'
0017   009F           00098                 MOVWF           ADCON0                  ;               •       Seleccionar canal de ent
                            rada A/D        (ADCON0)        BANCO 0
                      00099 
                      00100                                                                         ; ADCON0:       ADSC1   ADCS0   
                            CHS2    CHS1    CHS0    DO/DONE -       ADON
                      00101                                                                         ;Bit 7-6        ADSC<1:0> selecc
                            ión de bits del reloj de conversión
gpasm-1.4.0 #1107 (Mar 24 2015) 1-convertidor   3-11-2017  08:56:37         PAGE  4


LOC    OBJECT CODE    LINE  SOURCE TEXT
  VALUE

                      00102                                                                         ;       If ADSC2=0
                      00103                                                                         ;               00 Fosc/2
                      00104                                                                         ;               01 Fosc/8
                      00105                                                                         ;               10 Fosc/32
                      00106                                                                         ;               11 FRC (reloj de
                            rivado del oscilador interno RC del modulo A/D) 
                      00107                                                                         ;       if ADSC2=1
                      00108                                                                         ;               00 Fosc/4
                      00109                                                                         ;               01 Fosc/16
                      00110                                                                         ;               10 Fosc/64
                      00111                                                                         ;               11 FRC (reloj de
                            rivado del oscilador interno RC del modulo A/D) 
                      00112                                                                         ;Bit 5-3        CHS <2:0> selecc
                            ión de bits para los canales analógicos
                      00113                                                                         ;               000 canal 0 (RA0
                            /AN0)
                      00114                                                                         ;               001 canal 1 (RA1
                            /AN1)
                      00115                                                                         ;               010 canal 2 (RA2
                            /AN2)
                      00116                                                                         ;               011 canal 3 (RA3
                            /AN3)
                      00117                                                                         ;               100 canal 4 (RA4
                            /AN4)
                      00118                                                                         ;               101 canal 5 (RB6
                            /AN5)
                      00119                                                                         ;               110 canal 6 (RB7
                            /AN6)
                      00120                                                                         ;Bit 2  GO/DONE_ bit de estado d
                            e la conversión (A/D)
                      00121                                                                         ;               If ADON=1
                      00122                                                                         ;                               
                                    1=la conversión esta en progreso (poniendo a ‘1’ este bit empieza la conversión
                      00123                                                                         ;                               
                                    0=la conversión no esta en progreso (este bit es puesto a ‘0’ por hardware cuando la conversión 
                            es completada
                      00124                                                                         ;Bit 1  Sin implementar: leído c
                            omo ‘0’
                      00125                                                                         ;Bit 0  ADON: bit de encendido d
                            el A/D
                      00126                                                                         ;                               
                                    1=modulo convertidor A/D esta operando
                      00127                                                                         ;                               
                                    0=modulo convertidor esta apagado y no consume corriente de operación.
                      00128         
                      00129                 ;hecho arriba                                   ;               •       Seleccionar relo
                            j de conversión A/D     (ADCON0)
                      00130 
                      00131 
                      00132 
                      00133 ;####################### EMPIEZA LA CONVERSION #############################
                      00134 
0018   141F           00135                 BSF                     ADCON0,ADON     ;               •       Encienda el modulo A/D  
gpasm-1.4.0 #1107 (Mar 24 2015) 1-convertidor   3-11-2017  08:56:37         PAGE  5


LOC    OBJECT CODE    LINE  SOURCE TEXT
  VALUE

                            (ADCON0)
                      00136                                                                         ;2.     Configurar interrupción 
                            A/D (si se desea)
                      00137                                                                         ;               •       Poner a 
                            ‘0’ bit ADIF
                      00138                 ;no deseamos                            ;               •       Poner a ‘1’ bit ADIE
                      00139                                                                         ;               •       Poner a 
                            ‘1’ bit PEIE
                      00140                                                                         ;               •       Poner a 
                            ‘1’ bit GIE
0019   2021           00141 REG             CALL            RETRASO         ;3.     Esperar el tiempo de adquisición requerido
                      00142                                                                         ;4.     Empezar conversión.
001A   151F           00143                 BSF                     ADCON0,GO               ;               •       Poner a ‘1’ bit 
                            GO/DONE_ (ADCON0)
001B   191F           00144 ESP             BTFSC           ADCON0,GO               ;5.     Esperar para completar la conversión A/D
                            , por cualquiera de los siguientes:
001C   281B           00145                 GOTO            ESP                             ;               •       Poleando (modo p
                            oleo o de ciclo) para que el bit GO/DONE_ sea puesto a ‘0’ (con interrupción deshabilitada)
                      00146                                                                         ;               •       Esperand
                            o por interrupción de A/D
001D   081E           00147                 MOVFW           ADRESH                  ;6.     Leer el registro par que da el resultado
                             de la conversión. (ADRESH:ADRESL); en este caso nos mostrara los 8 bits mas significativos debido a la 
                            justificacion izquierda
001E   0086           00148                 MOVWF           PORTB                   ;               •       Poner a ‘0’ bit ADIF si 
                            es requerido.
001F   2021           00149                 CALL            RETRASO         
                      00150                                                                         ;7.     Para la siguiente conver
                            sión, vaya a los pasos 1 o paso 2 como sea requerido. El tiempo de conversión por bit es definido como T
                            AD. Un mínimo de 2TAD es requerido antes de que la siguiente adquisición empiece.
0020   2819           00151                 GOTO            REG                     ; regresa por otra conversion
                      00152 
                      00153 ;***************************************************************
                      00154 ;***************************************************************
                      00155 
0021                  00156         subtitle        "Delay subprogram"
                      00157 
0021   3003           00158 RETRASO MOVLW                   D'3'
0022   00A2           00159                         MOVWF                   z3
0023   3089           00160                         MOVLW                   D'137'
0024   00A1           00161                         MOVWF                   z2
0025   0BA0           00162                         DECFSZ                  z1,f
0026   2825           00163                         GOTO                    $-1
0027   0BA1           00164                         DECFSZ                  z2,f
0028   2825           00165                         GOTO                    $-3
0029   0BA2           00166                         DECFSZ                  z3,f
002A   2825           00167                         GOTO                    $-5
002B   0008           00168                         RETURN
                      00169         
                      00170                         END
gpasm-1.4.0 #1107 (Mar 24 2015) 1-convertidor   3-11-2017  08:56:37         PAGE  6

Delay subprogram
SYMBOL TABLE
  LABEL                             VALUE

ADCON0                            0000001F
ADCON1                            0000009F
ADCS0                             00000006
ADCS1                             00000007
ADCS2                             00000006
ADDEN                             00000003
ADFM                              00000007
ADIE                              00000006
ADIF                              00000006
ADON                              00000000
ADRESH                            0000001E
ADRESL                            0000009E
ANS0                              00000000
ANS1                              00000001
ANS2                              00000002
ANS3                              00000003
ANS4                              00000004
ANS5                              00000005
ANS6                              00000006
ANSEL                             0000009B
BF                                00000000
BRGH                              00000002
C                                 00000000
C1INV                             00000004
C1OUT                             00000006
C2INV                             00000005
C2OUT                             00000007
CCP1CON                           00000017
CCP1IE                            00000002
CCP1IF                            00000002
CCP1M0                            00000000
CCP1M1                            00000001
CCP1M2                            00000002
CCP1M3                            00000003
CCP1X                             00000005
CCP1Y                             00000004
CCPR1                             00000015
CCPR1H                            00000016
CCPR1L                            00000015
CHS0                              00000003
CHS1                              00000004
CHS2                              00000005
CIS                               00000003
CKE                               00000006
CKP                               00000004
CM0                               00000000
CM1                               00000001
CM2                               00000002
CMCON                             0000009C
CMIE                              00000006
CMIF                              00000006
CREN                              00000004
CSRC                              00000007
gpasm-1.4.0 #1107 (Mar 24 2015) 1-convertidor   3-11-2017  08:56:37         PAGE  7

Delay subprogram
SYMBOL TABLE
  LABEL                             VALUE 

CVR0                              00000000
CVR1                              00000001
CVR2                              00000002
CVR3                              00000003
CVRCON                            0000009D
CVREN                             00000007
CVROE                             00000006
CVRR                              00000005
D                                 00000005
DATA_ADDRESS                      00000005
DC                                00000001
D_A                               00000005
D_NOT_A                           00000005
EEADR                             0000010D
EEADRH                            0000010F
EECON1                            0000018C
EECON2                            0000018D
EEDATA                            0000010C
EEDATH                            0000010E
EEIE                              00000004
EEIF                              00000004
EEPGD                             00000007
ESP                               0000001B
F                                 00000001
FERR                              00000002
FREE                              00000004
FSR                               00000004
GIE                               00000007
GO                                00000002
GO_DONE                           00000002
GO_NOT_DONE                       00000002
I2C_DATA                          00000005
I2C_READ                          00000002
I2C_START                         00000003
I2C_STOP                          00000004
INDF                              00000000
INIT                              00000005
INT0IE                            00000004
INT0IF                            00000001
INTCON                            0000000B
INTE                              00000004
INTEDG                            00000006
INTF                              00000001
IOFS                              00000002
IRCF0                             00000004
IRCF1                             00000005
IRCF2                             00000006
IRP                               00000007
NOT_A                             00000005
NOT_ADDRESS                       00000005
NOT_BO                            00000000
NOT_BOR                           00000000
NOT_DONE                          00000002
gpasm-1.4.0 #1107 (Mar 24 2015) 1-convertidor   3-11-2017  08:56:37         PAGE  8

Delay subprogram
SYMBOL TABLE
  LABEL                             VALUE 

NOT_PD                            00000003
NOT_POR                           00000001
NOT_RBPU                          00000007
NOT_RC8                           00000006
NOT_T1SYNC                        00000002
NOT_TO                            00000004
NOT_TX8                           00000006
NOT_W                             00000002
NOT_WRITE                         00000002
OERR                              00000001
OPTION_REG                        00000081
OSCCON                            0000008F
OSCTUNE                           00000090
OSFIE                             00000007
OSFIF                             00000007
OSTS                              00000003
P                                 00000004
PCL                               00000002
PCLATH                            0000000A
PCON                              0000008E
PEIE                              00000006
PIE1                              0000008C
PIE2                              0000008D
PIR1                              0000000C
PIR2                              0000000D
PORTA                             00000005
PORTB                             00000006
PR2                               00000092
PS0                               00000000
PS1                               00000001
PS2                               00000002
PSA                               00000003
R                                 00000002
RA0                               00000000
RA1                               00000001
RA2                               00000002
RA3                               00000003
RA4                               00000004
RA5                               00000005
RA6                               00000006
RA7                               00000007
RB0                               00000000
RB1                               00000001
RB2                               00000002
RB3                               00000003
RB4                               00000004
RB5                               00000005
RB6                               00000006
RB7                               00000007
RBIE                              00000003
RBIF                              00000000
RC8_9                             00000006
RC9                               00000006
gpasm-1.4.0 #1107 (Mar 24 2015) 1-convertidor   3-11-2017  08:56:37         PAGE  9

Delay subprogram
SYMBOL TABLE
  LABEL                             VALUE 

RCD8                              00000000
RCIE                              00000005
RCIF                              00000005
RCREG                             0000001A
RCSTA                             00000018
RD                                00000000
READ_WRITE                        00000002
REG                               00000019
RETRASO                           00000021
RP0                               00000005
RP1                               00000006
RX9                               00000006
RX9D                              00000000
R_NOT_W                           00000002
R_W                               00000002
S                                 00000003
SCS0                              00000000
SCS1                              00000001
SMP                               00000007
SPBRG                             00000099
SPEN                              00000007
SREN                              00000005
SSPADD                            00000093
SSPBUF                            00000013
SSPCON                            00000014
SSPEN                             00000005
SSPIE                             00000003
SSPIF                             00000003
SSPM0                             00000000
SSPM1                             00000001
SSPM2                             00000002
SSPM3                             00000003
SSPOV                             00000006
SSPSTAT                           00000094
STATUS                            00000003
SWDTE                             00000000
SWDTEN                            00000000
SYNC                              00000004
T0CS                              00000005
T0SE                              00000004
T1CKPS0                           00000004
T1CKPS1                           00000005
T1CON                             00000010
T1INSYNC                          00000002
T1OSCEN                           00000003
T1RUN                             00000006
T2CKPS0                           00000000
T2CKPS1                           00000001
T2CON                             00000012
TMR0                              00000001
TMR0IE                            00000005
TMR0IF                            00000002
TMR1                              0000000E
gpasm-1.4.0 #1107 (Mar 24 2015) 1-convertidor   3-11-2017  08:56:37         PAGE 10

Delay subprogram
SYMBOL TABLE
  LABEL                             VALUE 

TMR1CS                            00000001
TMR1H                             0000000F
TMR1IE                            00000000
TMR1IF                            00000000
TMR1L                             0000000E
TMR1ON                            00000000
TMR2                              00000011
TMR2IE                            00000001
TMR2IF                            00000001
TMR2ON                            00000002
TOUTPS0                           00000003
TOUTPS1                           00000004
TOUTPS2                           00000005
TOUTPS3                           00000006
TRISA                             00000085
TRISA0                            00000000
TRISA1                            00000001
TRISA2                            00000002
TRISA3                            00000003
TRISA4                            00000004
TRISA5                            00000005
TRISA6                            00000006
TRISA7                            00000007
TRISB                             00000086
TRISB0                            00000000
TRISB1                            00000001
TRISB2                            00000002
TRISB3                            00000003
TRISB4                            00000004
TRISB5                            00000005
TRISB6                            00000006
TRISB7                            00000007
TRMT                              00000001
TUN0                              00000000
TUN1                              00000001
TUN2                              00000002
TUN3                              00000003
TUN4                              00000004
TUN5                              00000005
TX8_9                             00000006
TX9                               00000006
TX9D                              00000000
TXD8                              00000000
TXEN                              00000005
TXIE                              00000004
TXIF                              00000004
TXREG                             00000019
TXSTA                             00000098
UA                                00000001
VCFG0                             00000004
VCFG1                             00000005
W                                 00000000
WCOL                              00000007
gpasm-1.4.0 #1107 (Mar 24 2015) 1-convertidor   3-11-2017  08:56:37         PAGE 11

Delay subprogram
SYMBOL TABLE
  LABEL                             VALUE 

WDTCON                            00000105
WDTPS0                            00000001
WDTPS1                            00000002
WDTPS2                            00000003
WDTPS3                            00000004
WR                                00000001
WREN                              00000002
WRERR                             00000003
Z                                 00000002
_BODEN_OFF                        00003FBF
_BODEN_ON                         00003FFF
_BOREN_OFF                        00003FBF
_BOREN_ON                         00003FFF
_CCP1_RB0                         00003FFF
_CCP1_RB3                         00002FFF
_CCPMX_RB0                        00003FFF
_CCPMX_RB3                        00002FFF
_CONFIG1                          00002007
_CONFIG2                          00002008
_CPD_OFF                          00003FFF
_CPD_ON                           00003EFF
_CP_ALL                           00001FFF
_CP_OFF                           00003FFF
_CP_ON                            00001FFF
_DEBUG_OFF                        00003FFF
_DEBUG_ON                         000037FF
_DEVID1                           00002006
_EXTCLK                           00003FEF
_EXTRC_CLKOUT                     00003FFF
_EXTRC_IO                         00003FFE
_FCMEN_OFF                        00003FFE
_FCMEN_ON                         00003FFF
_FOSC_EC                          00003FEF
_FOSC_EXTRCCLK                    00003FFF
_FOSC_EXTRCIO                     00003FFE
_FOSC_HS                          00003FEE
_FOSC_INTOSCCLK                   00003FFD
_FOSC_INTOSCIO                    00003FFC
_FOSC_LP                          00003FEC
_FOSC_XT                          00003FED
_HS_OSC                           00003FEE
_IDLOC0                           00002000
_IDLOC1                           00002001
_IDLOC2                           00002002
_IDLOC3                           00002003
_IESO_OFF                         00003FFD
_IESO_ON                          00003FFF
_INTRC_CLKOUT                     00003FFD
_INTRC_IO                         00003FFC
_LP_OSC                           00003FEC
_LVP_OFF                          00003F7F
_LVP_ON                           00003FFF
_MCLRE_OFF                        00003FDF
gpasm-1.4.0 #1107 (Mar 24 2015) 1-convertidor   3-11-2017  08:56:37         PAGE 12

Delay subprogram
SYMBOL TABLE
  LABEL                             VALUE 

_MCLRE_ON                         00003FFF
_MCLR_OFF                         00003FDF
_MCLR_ON                          00003FFF
_PWRTE_OFF                        00003FFF
_PWRTE_ON                         00003FF7
_WDTE_OFF                         00003FFB
_WDTE_ON                          00003FFF
_WDT_OFF                          00003FFB
_WDT_ON                           00003FFF
_WRT_2048                         00003BFF
_WRT_256                          00003DFF
_WRT_ALL                          000039FF
_WRT_OFF                          00003FFF
_WRT_PROTECT_2048                 00003BFF
_WRT_PROTECT_256                  00003DFF
_WRT_PROTECT_ALL                  000039FF
_WRT_PROTECT_OFF                  00003FFF
_XT_OSC                           00003FED
__16F88                           00000001
__CODE_END                        00000FFF
__CODE_START                      00000000
__COMMON_RAM_END                  0000007F
__COMMON_RAM_START                00000070
__EEPROM_END                      000021FF
__EEPROM_START                    00002100
__VECTOR_INT                      00000004
__VECTOR_RESET                    00000000
z1                                00000020
z2                                00000021
z3                                00000022
z4                                00000023


MEMORY USAGE MAP ('X' = Used,  '-' = Unused)

0000 : XXXXXXXXXXXXXXXX XXXXXXXXXXXXXXXX XXXXXXXXXXXX---- ----------------

All other memory blocks unused.

Program Memory Words Used:    44
Program Memory Words Free:  4052


Errors   :     1
Warnings :     0 reported,     0 suppressed
Messages :     7 reported,     0 suppressed

