gpasm-1.4.0 #1107 (Mar 24 2015) inicializatio   3-4-2017  20:58:04          PAGE  1


LOC    OBJECT CODE    LINE  SOURCE TEXT
  VALUE

                      00001 ; programa para la inicializacion del puerto B y configuracion de los pines a estatus con logica uno,
                      00002 
                      00003 ; Declaracion y configuracion del procesador.
                      00004         processor 16f84
                      00005         #include "p16f84.inc"
                      00001         LIST
                      00002 
                      00003 ;==========================================================================
                      00004 ; Build date : Aug 07 2014
                      00005 ;  MPASM PIC16F84 processor include
                      00006 ; 
                      00007 ;  (c) Copyright 1999-2014 Microchip Technology, All rights reserved
                      00008 ;==========================================================================
                      00009 
                      00207         LIST
                      00006 
                      00007 ; Directivas
2007   3FF1           00008         __CONFIG _CP_OFF & _WDT_OFF & _PWRTE_ON & _XT_OSC
                      00009 
                      00010 ; inicio del programa
0000                  00011         org     0x00            ; vector de reset
0000   2805           00012         goto    principal       ; ir al inicio del programa principal
                      00013 
0004                  00014         org     0x04            ; vector de interrupcion
0004   2805           00015         goto    principal       ; rutina de interrupcion no existe, ir a principal
                      00016 
                      00017 bank0   macro                   ; Macro bank0
                      00018         bcf     STATUS,RP0      ; Reset RP0 bit = Bank0; cambia al banco 0 para cambiar registros
                      00019         endm                    ; End of macro
                      00020 
                      00021 bank1   macro                   ; Macro bank1   
                      00022         bsf     STATUS,RP0      ; Set RP0 bit = Bank1 ; cambia al banco 1 para cambiar registros
                      00023         endm                    ; End of macro
                      00024 
                      00025 ;*******************************
                      00026 
0005                  00027 principal
                      00028         bank1                   ; cambia al banco 1
0005   1683               M         bsf     STATUS,RP0      ; Set RP0 bit = Bank1 ; cambia al banco 1 para cambiar registros
0006   3000           00029         movlw   0x00            ; mueve 00 al registro W
Message[302]: Register in operand not in bank 0. Ensure that bank bits are correct. Bank_bits = 0x80, register{0x6}.
0007   0086           00030         movwf   TRISB           ; mueve W al puerto B ; Clearing a TRISB bit (= 0) will make the corresp
                            onding PORTB pin an output
                      00031         bank0                   ; cambia al banco 0
0008   1283               M         bcf     STATUS,RP0      ; Reset RP0 bit = Bank0; cambia al banco 0 para cambiar registros
0009   30FF           00032         movlw   0xFF            ; mueve FF al registro W
000A   0086           00033         movwf   PORTB           ; mueve el registro W al puerto B ; manda encender todos los bits del pu
                            erto B
                      00034 
000B   280B           00035 lazo    goto    lazo            ; se queda en un lazo infinito 
                      00036         end                     ; termina el programa
gpasm-1.4.0 #1107 (Mar 24 2015) inicializatio   3-4-2017  20:58:04          PAGE  2


SYMBOL TABLE
  LABEL                             VALUE

C                                 00000000
DC                                00000001
EEADR                             00000009
EECON1                            00000088
EECON2                            00000089
EEDATA                            00000008
EEIE                              00000006
EEIF                              00000004
F                                 00000001
FSR                               00000004
GIE                               00000007
INDF                              00000000
INTCON                            0000000B
INTE                              00000004
INTEDG                            00000006
INTF                              00000001
IRP                               00000007
NOT_PD                            00000003
NOT_RBPU                          00000007
NOT_TO                            00000004
OPTION_REG                        00000081
PCL                               00000002
PCLATH                            0000000A
PORTA                             00000005
PORTB                             00000006
PS0                               00000000
PS1                               00000001
PS2                               00000002
PSA                               00000003
RA0                               00000000
RA1                               00000001
RA2                               00000002
RA3                               00000003
RA4                               00000004
RB0                               00000000
RB1                               00000001
RB2                               00000002
RB3                               00000003
RB4                               00000004
RB5                               00000005
RB6                               00000006
RB7                               00000007
RBIE                              00000003
RBIF                              00000000
RD                                00000000
RP0                               00000005
RP1                               00000006
STATUS                            00000003
T0CS                              00000005
T0IE                              00000005
T0IF                              00000002
T0SE                              00000004
TMR0                              00000001
gpasm-1.4.0 #1107 (Mar 24 2015) inicializatio   3-4-2017  20:58:04          PAGE  3


SYMBOL TABLE
  LABEL                             VALUE 

TMR0IE                            00000005
TMR0IF                            00000002
TRISA                             00000085
TRISA0                            00000000
TRISA1                            00000001
TRISA2                            00000002
TRISA3                            00000003
TRISA4                            00000004
TRISB                             00000086
TRISB0                            00000000
TRISB1                            00000001
TRISB2                            00000002
TRISB3                            00000003
TRISB4                            00000004
TRISB5                            00000005
TRISB6                            00000006
TRISB7                            00000007
W                                 00000000
WR                                00000001
WREN                              00000002
WRERR                             00000003
Z                                 00000002
_CONFIG                           00002007
_CP_OFF                           00003FFF
_CP_ON                            0000000F
_FOSC_EXTRC                       00003FFF
_FOSC_HS                          00003FFE
_FOSC_LP                          00003FFC
_FOSC_XT                          00003FFD
_HS_OSC                           00003FFE
_IDLOC0                           00002000
_IDLOC1                           00002001
_IDLOC2                           00002002
_IDLOC3                           00002003
_LP_OSC                           00003FFC
_PWRTE_OFF                        00003FFF
_PWRTE_ON                         00003FF7
_RC_OSC                           00003FFF
_WDTE_OFF                         00003FFB
_WDTE_ON                          00003FFF
_WDT_OFF                          00003FFB
_WDT_ON                           00003FFF
_XT_OSC                           00003FFD
__16F84                           00000001
__CODE_END                        000003FF
__CODE_START                      00000000
__COMMON_RAM_END                  0000004F
__COMMON_RAM_START                0000000C
__EEPROM_END                      0000213F
__EEPROM_START                    00002100
__VECTOR_INT                      00000004
__VECTOR_RESET                    00000000
bank0                             
gpasm-1.4.0 #1107 (Mar 24 2015) inicializatio   3-4-2017  20:58:04          PAGE  4


SYMBOL TABLE
  LABEL                             VALUE 

bank1                             
lazo                              0000000B
principal                         00000005


MEMORY USAGE MAP ('X' = Used,  '-' = Unused)

0000 : X---XXXXXXXX---- ---------------- ---------------- ----------------
2000 : -------X-------- ---------------- ---------------- ----------------

All other memory blocks unused.

Program Memory Words Used:     9
Program Memory Words Free:  1015


Errors   :     0
Warnings :     0 reported,     0 suppressed
Messages :     1 reported,     0 suppressed

